<?xml version="1.0" encoding="UTF-8"?>
<testng-results ignored="0" total="0" passed="0" failed="0" skipped="0">
  <reporter-output>
  </reporter-output>
  <suite started-at="2025-09-15T02:07:50 CEST" name="Selenium Suite" finished-at="2025-09-15T02:07:50 CEST" duration-ms="23">
    <groups>
    </groups>
    <test started-at="2025-09-15T02:07:50 CEST" name="All Tests" finished-at="2025-09-15T02:07:50 CEST" duration-ms="23">
    </test> <!-- All Tests -->
  </suite> <!-- Selenium Suite -->
</testng-results>
